This file contains any messages produced by compilers while
running configure, to aid debugging if configure makes a mistake.

It was created by nDPI configure 1.4.0, which was
generated by GNU Autoconf 2.69.  Invocation command line was

  $ ./configure -with-pic --no-create --no-recursion

## --------- ##
## Platform. ##
## --------- ##

hostname = massar-VirtualBox
uname -m = i686
uname -r = 3.5.0-24-generic
uname -s = Linux
uname -v = #37-Ubuntu SMP Thu Feb 7 05:32:22 UTC 2013

/usr/bin/uname -p = unknown
/bin/uname -X     = unknown

/bin/arch              = unknown
/usr/bin/arch -k       = unknown
/usr/convex/getsysinfo = unknown
/usr/bin/hostinfo      = unknown
/bin/machine           = unknown
/usr/bin/oslevel       = unknown
/bin/universe          = unknown

PATH: /usr/lib/lightdm/lightdm
PATH: /usr/local/sbin
PATH: /usr/local/bin
PATH: /usr/sbin
PATH: /usr/bin
PATH: /sbin
PATH: /bin
PATH: /usr/games
PATH: /usr/local/games


## ----------- ##
## Core tests. ##
## ----------- ##

configure:2236: checking for a BSD-compatible install
configure:2304: result: /usr/bin/install -c
configure:2315: checking whether build environment is sane
configure:2365: result: yes
configure:2506: checking for a thread-safe mkdir -p
configure:2545: result: /bin/mkdir -p
configure:2558: checking for gawk
configure:2588: result: no
configure:2558: checking for mawk
configure:2574: found /usr/bin/mawk
configure:2585: result: mawk
configure:2596: checking whether make sets $(MAKE)
configure:2618: result: yes
configure:2728: checking build system type
configure:2742: result: i686-pc-linux-gnu
configure:2762: checking host system type
configure:2775: result: i686-pc-linux-gnu
configure:2816: checking how to print strings
configure:2843: result: printf
configure:2876: checking for style of include used by make
configure:2904: result: GNU
configure:2975: checking for gcc
configure:2991: found /usr/bin/gcc
configure:3002: result: gcc
configure:3231: checking for C compiler version
configure:3240: gcc --version >&5
gcc (Ubuntu/Linaro 4.7.2-2ubuntu1) 4.7.2
Copyright (C) 2012 Free Software Foundation, Inc.
This is free software; see the source for copying conditions.  There is NO
warranty; not even for MERCHANTABILITY or FITNESS FOR A PARTICULAR PURPOSE.

configure:3251: $? = 0
configure:3240: gcc -v >&5
Using built-in specs.
COLLECT_GCC=gcc
COLLECT_LTO_WRAPPER=/usr/lib/gcc/i686-linux-gnu/4.7/lto-wrapper
Target: i686-linux-gnu
Configured with: ../src/configure -v --with-pkgversion='Ubuntu/Linaro 4.7.2-2ubuntu1' --with-bugurl=file:///usr/share/doc/gcc-4.7/README.Bugs --enable-languages=c,c++,go,fortran,objc,obj-c++ --prefix=/usr --program-suffix=-4.7 --enable-shared --enable-linker-build-id --with-system-zlib --libexecdir=/usr/lib --without-included-gettext --enable-threads=posix --with-gxx-include-dir=/usr/include/c++/4.7 --libdir=/usr/lib --enable-nls --with-sysroot=/ --enable-clocale=gnu --enable-libstdcxx-debug --enable-libstdcxx-time=yes --enable-gnu-unique-object --enable-plugin --enable-objc-gc --enable-targets=all --disable-werror --with-arch-32=i686 --with-tune=generic --enable-checking=release --build=i686-linux-gnu --host=i686-linux-gnu --target=i686-linux-gnu
Thread model: posix
gcc version 4.7.2 (Ubuntu/Linaro 4.7.2-2ubuntu1) 
configure:3251: $? = 0
configure:3240: gcc -V >&5
gcc: error: unrecognized command line option '-V'
gcc: fatal error: no input files
compilation terminated.
configure:3251: $? = 4
configure:3240: gcc -qversion >&5
gcc: error: unrecognized command line option '-qversion'
gcc: fatal error: no input files
compilation terminated.
configure:3251: $? = 4
configure:3271: checking whether the C compiler works
configure:3293: gcc    conftest.c  >&5
configure:3297: $? = 0
configure:3345: result: yes
configure:3348: checking for C compiler default output file name
configure:3350: result: a.out
configure:3356: checking for suffix of executables
configure:3363: gcc -o conftest    conftest.c  >&5
configure:3367: $? = 0
configure:3389: result: 
configure:3411: checking whether we are cross compiling
configure:3419: gcc -o conftest    conftest.c  >&5
configure:3423: $? = 0
configure:3430: ./conftest
configure:3434: $? = 0
configure:3449: result: no
configure:3454: checking for suffix of object files
configure:3476: gcc -c   conftest.c >&5
configure:3480: $? = 0
configure:3501: result: o
configure:3505: checking whether we are using the GNU C compiler
configure:3524: gcc -c   conftest.c >&5
configure:3524: $? = 0
configure:3533: result: yes
configure:3542: checking whether gcc accepts -g
configure:3562: gcc -c -g  conftest.c >&5
configure:3562: $? = 0
configure:3603: result: yes
configure:3620: checking for gcc option to accept ISO C89
configure:3683: gcc  -c -g -O2  conftest.c >&5
configure:3683: $? = 0
configure:3696: result: none needed
configure:3718: checking dependency style of gcc
configure:3829: result: gcc3
configure:3844: checking for a sed that does not truncate output
configure:3908: result: /bin/sed
configure:3926: checking for grep that handles long lines and -e
configure:3984: result: /bin/grep
configure:3989: checking for egrep
configure:4051: result: /bin/grep -E
configure:4056: checking for fgrep
configure:4118: result: /bin/grep -F
configure:4153: checking for ld used by gcc
configure:4220: result: /usr/bin/ld
configure:4227: checking if the linker (/usr/bin/ld) is GNU ld
configure:4242: result: yes
configure:4254: checking for BSD- or MS-compatible name lister (nm)
configure:4303: result: /usr/bin/nm -B
configure:4433: checking the name lister (/usr/bin/nm -B) interface
configure:4440: gcc -c -g -O2  conftest.c >&5
configure:4443: /usr/bin/nm -B "conftest.o"
configure:4446: output
00000000 B some_variable
configure:4453: result: BSD nm
configure:4456: checking whether ln -s works
configure:4460: result: yes
configure:4468: checking the maximum length of command line arguments
configure:4598: result: 805306365
configure:4615: checking whether the shell understands some XSI constructs
configure:4625: result: yes
configure:4629: checking whether the shell understands "+="
configure:4635: result: yes
configure:4670: checking how to convert i686-pc-linux-gnu file names to i686-pc-linux-gnu format
configure:4710: result: func_convert_file_noop
configure:4717: checking how to convert i686-pc-linux-gnu file names to toolchain format
configure:4737: result: func_convert_file_noop
configure:4744: checking for /usr/bin/ld option to reload object files
configure:4751: result: -r
configure:4825: checking for objdump
configure:4841: found /usr/bin/objdump
configure:4852: result: objdump
configure:4884: checking how to recognize dependent libraries
configure:5086: result: pass_all
configure:5171: checking for dlltool
configure:5201: result: no
configure:5231: checking how to associate runtime and link libraries
configure:5258: result: printf %s\n
configure:5319: checking for ar
configure:5335: found /usr/bin/ar
configure:5346: result: ar
configure:5383: checking for archiver @FILE support
configure:5400: gcc -c -g -O2  conftest.c >&5
configure:5400: $? = 0
configure:5403: ar cru libconftest.a @conftest.lst >&5
configure:5406: $? = 0
configure:5411: ar cru libconftest.a @conftest.lst >&5
ar: conftest.o: No such file or directory
configure:5414: $? = 1
configure:5426: result: @
configure:5484: checking for strip
configure:5500: found /usr/bin/strip
configure:5511: result: strip
configure:5583: checking for ranlib
configure:5599: found /usr/bin/ranlib
configure:5610: result: ranlib
configure:5712: checking command to parse /usr/bin/nm -B output from gcc object
configure:5832: gcc -c -g -O2  conftest.c >&5
configure:5835: $? = 0
configure:5839: /usr/bin/nm -B conftest.o \| sed -n -e 's/^.*[ ]\([ABCDGIRSTW][ABCDGIRSTW]*\)[ ][ ]*\([_A-Za-z][_A-Za-z0-9]*\)$/\1 \2 \2/p' | sed '/ __gnu_lto/d' \> conftest.nm
configure:5842: $? = 0
configure:5908: gcc -o conftest -g -O2   conftest.c conftstm.o >&5
configure:5911: $? = 0
configure:5949: result: ok
configure:5986: checking for sysroot
configure:6016: result: no
configure:6272: checking for mt
configure:6288: found /bin/mt
configure:6299: result: mt
configure:6322: checking if mt is a manifest tool
configure:6328: mt '-?'
configure:6336: result: no
configure:6978: checking how to run the C preprocessor
configure:7009: gcc -E  conftest.c
configure:7009: $? = 0
configure:7023: gcc -E  conftest.c
conftest.c:11:28: fatal error: ac_nonexistent.h: No such file or directory
compilation terminated.
configure:7023: $? = 1
configure: failed program was:
| /* confdefs.h */
| #define PACKAGE_NAME "nDPI"
| #define PACKAGE_TARNAME "ndpi"
| #define PACKAGE_VERSION "1.4.0"
| #define PACKAGE_STRING "nDPI 1.4.0"
| #define PACKAGE_BUGREPORT ""
| #define PACKAGE_URL ""
| #define PACKAGE "ndpi"
| #define VERSION "1.4.0"
| /* end confdefs.h.  */
| #include <ac_nonexistent.h>
configure:7048: result: gcc -E
configure:7068: gcc -E  conftest.c
configure:7068: $? = 0
configure:7082: gcc -E  conftest.c
conftest.c:11:28: fatal error: ac_nonexistent.h: No such file or directory
compilation terminated.
configure:7082: $? = 1
configure: failed program was:
| /* confdefs.h */
| #define PACKAGE_NAME "nDPI"
| #define PACKAGE_TARNAME "ndpi"
| #define PACKAGE_VERSION "1.4.0"
| #define PACKAGE_STRING "nDPI 1.4.0"
| #define PACKAGE_BUGREPORT ""
| #define PACKAGE_URL ""
| #define PACKAGE "ndpi"
| #define VERSION "1.4.0"
| /* end confdefs.h.  */
| #include <ac_nonexistent.h>
configure:7111: checking for ANSI C header files
configure:7131: gcc -c -g -O2  conftest.c >&5
configure:7131: $? = 0
configure:7204: gcc -o conftest -g -O2   conftest.c  >&5
configure:7204: $? = 0
configure:7204: ./conftest
configure:7204: $? = 0
configure:7215: result: yes
configure:7228: checking for sys/types.h
configure:7228: gcc -c -g -O2  conftest.c >&5
configure:7228: $? = 0
configure:7228: result: yes
configure:7228: checking for sys/stat.h
configure:7228: gcc -c -g -O2  conftest.c >&5
configure:7228: $? = 0
configure:7228: result: yes
configure:7228: checking for stdlib.h
configure:7228: gcc -c -g -O2  conftest.c >&5
configure:7228: $? = 0
configure:7228: result: yes
configure:7228: checking for string.h
configure:7228: gcc -c -g -O2  conftest.c >&5
configure:7228: $? = 0
configure:7228: result: yes
configure:7228: checking for memory.h
configure:7228: gcc -c -g -O2  conftest.c >&5
configure:7228: $? = 0
configure:7228: result: yes
configure:7228: checking for strings.h
configure:7228: gcc -c -g -O2  conftest.c >&5
configure:7228: $? = 0
configure:7228: result: yes
configure:7228: checking for inttypes.h
configure:7228: gcc -c -g -O2  conftest.c >&5
configure:7228: $? = 0
configure:7228: result: yes
configure:7228: checking for stdint.h
configure:7228: gcc -c -g -O2  conftest.c >&5
configure:7228: $? = 0
configure:7228: result: yes
configure:7228: checking for unistd.h
configure:7228: gcc -c -g -O2  conftest.c >&5
configure:7228: $? = 0
configure:7228: result: yes
configure:7242: checking for dlfcn.h
configure:7242: gcc -c -g -O2  conftest.c >&5
configure:7242: $? = 0
configure:7242: result: yes
configure:7448: checking for objdir
configure:7463: result: .libs
configure:7734: checking if gcc supports -fno-rtti -fno-exceptions
configure:7752: gcc -c -g -O2  -fno-rtti -fno-exceptions conftest.c >&5
cc1: warning: command line option '-fno-rtti' is valid for C++/ObjC++ but not for C [enabled by default]
configure:7756: $? = 0
configure:7769: result: no
configure:8096: checking for gcc option to produce PIC
configure:8103: result: -fPIC -DPIC
configure:8111: checking if gcc PIC flag -fPIC -DPIC works
configure:8129: gcc -c -g -O2  -fPIC -DPIC -DPIC conftest.c >&5
configure:8133: $? = 0
configure:8146: result: yes
configure:8175: checking if gcc static flag -static works
configure:8203: result: yes
configure:8218: checking if gcc supports -c -o file.o
configure:8239: gcc -c -g -O2  -o out/conftest2.o conftest.c >&5
configure:8243: $? = 0
configure:8265: result: yes
configure:8273: checking if gcc supports -c -o file.o
configure:8320: result: yes
configure:8353: checking whether the gcc linker (/usr/bin/ld) supports shared libraries
configure:9510: result: yes
configure:9547: checking whether -lc should be explicitly linked in
configure:9555: gcc -c -g -O2  conftest.c >&5
configure:9558: $? = 0
configure:9573: gcc -shared  -fPIC -DPIC conftest.o  -v -Wl,-soname -Wl,conftest -o conftest 2\>\&1 \| /bin/grep  -lc  \>/dev/null 2\>\&1
configure:9576: $? = 0
configure:9590: result: no
configure:9750: checking dynamic linker characteristics
configure:10261: gcc -o conftest -g -O2   -Wl,-rpath -Wl,/foo conftest.c  >&5
configure:10261: $? = 0
configure:10495: result: GNU/Linux ld.so
configure:10602: checking how to hardcode library paths into programs
configure:10627: result: immediate
configure:11167: checking whether stripping libraries is possible
configure:11172: result: yes
configure:11207: checking if libtool supports shared libraries
configure:11209: result: yes
configure:11212: checking whether to build shared libraries
configure:11233: result: yes
configure:11236: checking whether to build static libraries
configure:11240: result: yes
configure:11326: checking for gcc
configure:11353: result: gcc
configure:11582: checking for C compiler version
configure:11591: gcc --version >&5
gcc (Ubuntu/Linaro 4.7.2-2ubuntu1) 4.7.2
Copyright (C) 2012 Free Software Foundation, Inc.
This is free software; see the source for copying conditions.  There is NO
warranty; not even for MERCHANTABILITY or FITNESS FOR A PARTICULAR PURPOSE.

configure:11602: $? = 0
configure:11591: gcc -v >&5
Using built-in specs.
COLLECT_GCC=gcc
COLLECT_LTO_WRAPPER=/usr/lib/gcc/i686-linux-gnu/4.7/lto-wrapper
Target: i686-linux-gnu
Configured with: ../src/configure -v --with-pkgversion='Ubuntu/Linaro 4.7.2-2ubuntu1' --with-bugurl=file:///usr/share/doc/gcc-4.7/README.Bugs --enable-languages=c,c++,go,fortran,objc,obj-c++ --prefix=/usr --program-suffix=-4.7 --enable-shared --enable-linker-build-id --with-system-zlib --libexecdir=/usr/lib --without-included-gettext --enable-threads=posix --with-gxx-include-dir=/usr/include/c++/4.7 --libdir=/usr/lib --enable-nls --with-sysroot=/ --enable-clocale=gnu --enable-libstdcxx-debug --enable-libstdcxx-time=yes --enable-gnu-unique-object --enable-plugin --enable-objc-gc --enable-targets=all --disable-werror --with-arch-32=i686 --with-tune=generic --enable-checking=release --build=i686-linux-gnu --host=i686-linux-gnu --target=i686-linux-gnu
Thread model: posix
gcc version 4.7.2 (Ubuntu/Linaro 4.7.2-2ubuntu1) 
configure:11602: $? = 0
configure:11591: gcc -V >&5
gcc: error: unrecognized command line option '-V'
gcc: fatal error: no input files
compilation terminated.
configure:11602: $? = 4
configure:11591: gcc -qversion >&5
gcc: error: unrecognized command line option '-qversion'
gcc: fatal error: no input files
compilation terminated.
configure:11602: $? = 4
configure:11606: checking whether we are using the GNU C compiler
configure:11634: result: yes
configure:11643: checking whether gcc accepts -g
configure:11704: result: yes
configure:11721: checking for gcc option to accept ISO C89
configure:11797: result: none needed
configure:11819: checking dependency style of gcc
configure:11930: result: gcc3
configure:11952: checking netinet/in.h usability
configure:11952: gcc -c -g -O2  conftest.c >&5
configure:11952: $? = 0
configure:11952: result: yes
configure:11952: checking netinet/in.h presence
configure:11952: gcc -E  conftest.c
configure:11952: $? = 0
configure:11952: result: yes
configure:11952: checking for netinet/in.h
configure:11952: result: yes
configure:11952: checking for stdint.h
configure:11952: result: yes
configure:11952: checking for stdlib.h
configure:11952: result: yes
configure:11952: checking for string.h
configure:11952: result: yes
configure:11952: checking for unistd.h
configure:11952: result: yes
configure:12135: creating ./config.status

## ---------------- ##
## Cache variables. ##
## ---------------- ##

ac_cv_build=i686-pc-linux-gnu
ac_cv_c_compiler_gnu=yes
ac_cv_env_CC_set=
ac_cv_env_CC_value=
ac_cv_env_CFLAGS_set=
ac_cv_env_CFLAGS_value=
ac_cv_env_CPPFLAGS_set=
ac_cv_env_CPPFLAGS_value=
ac_cv_env_CPP_set=
ac_cv_env_CPP_value=
ac_cv_env_LDFLAGS_set=
ac_cv_env_LDFLAGS_value=
ac_cv_env_LIBS_set=
ac_cv_env_LIBS_value=
ac_cv_env_build_alias_set=
ac_cv_env_build_alias_value=
ac_cv_env_host_alias_set=
ac_cv_env_host_alias_value=
ac_cv_env_target_alias_set=
ac_cv_env_target_alias_value=
ac_cv_header_dlfcn_h=yes
ac_cv_header_inttypes_h=yes
ac_cv_header_memory_h=yes
ac_cv_header_netinet_in_h=yes
ac_cv_header_stdc=yes
ac_cv_header_stdint_h=yes
ac_cv_header_stdlib_h=yes
ac_cv_header_string_h=yes
ac_cv_header_strings_h=yes
ac_cv_header_sys_stat_h=yes
ac_cv_header_sys_types_h=yes
ac_cv_header_unistd_h=yes
ac_cv_host=i686-pc-linux-gnu
ac_cv_objext=o
ac_cv_path_EGREP='/bin/grep -E'
ac_cv_path_FGREP='/bin/grep -F'
ac_cv_path_GREP=/bin/grep
ac_cv_path_SED=/bin/sed
ac_cv_path_install='/usr/bin/install -c'
ac_cv_path_mkdir=/bin/mkdir
ac_cv_prog_AWK=mawk
ac_cv_prog_CPP='gcc -E'
ac_cv_prog_ac_ct_AR=ar
ac_cv_prog_ac_ct_CC=gcc
ac_cv_prog_ac_ct_MANIFEST_TOOL=mt
ac_cv_prog_ac_ct_OBJDUMP=objdump
ac_cv_prog_ac_ct_RANLIB=ranlib
ac_cv_prog_ac_ct_STRIP=strip
ac_cv_prog_cc_c89=
ac_cv_prog_cc_g=yes
ac_cv_prog_make_make_set=yes
am_cv_CC_dependencies_compiler_type=gcc3
lt_cv_ar_at_file=@
lt_cv_archive_cmds_need_lc=no
lt_cv_deplibs_check_method=pass_all
lt_cv_file_magic_cmd='$MAGIC_CMD'
lt_cv_file_magic_test_file=
lt_cv_ld_reload_flag=-r
lt_cv_nm_interface='BSD nm'
lt_cv_objdir=.libs
lt_cv_path_LD=/usr/bin/ld
lt_cv_path_NM='/usr/bin/nm -B'
lt_cv_path_mainfest_tool=no
lt_cv_prog_compiler_c_o=yes
lt_cv_prog_compiler_pic='-fPIC -DPIC'
lt_cv_prog_compiler_pic_works=yes
lt_cv_prog_compiler_rtti_exceptions=no
lt_cv_prog_compiler_static_works=yes
lt_cv_prog_gnu_ld=yes
lt_cv_sharedlib_from_linklib_cmd='printf %s\n'
lt_cv_shlibpath_overrides_runpath=no
lt_cv_sys_global_symbol_pipe='sed -n -e '\''s/^.*[	 ]\([ABCDGIRSTW][ABCDGIRSTW]*\)[	 ][	 ]*\([_A-Za-z][_A-Za-z0-9]*\)$/\1 \2 \2/p'\'' | sed '\''/ __gnu_lto/d'\'''
lt_cv_sys_global_symbol_to_c_name_address='sed -n -e '\''s/^: \([^ ]*\)[ ]*$/  {\"\1\", (void *) 0},/p'\'' -e '\''s/^[ABCDGIRSTW]* \([^ ]*\) \([^ ]*\)$/  {"\2", (void *) \&\2},/p'\'''
lt_cv_sys_global_symbol_to_c_name_address_lib_prefix='sed -n -e '\''s/^: \([^ ]*\)[ ]*$/  {\"\1\", (void *) 0},/p'\'' -e '\''s/^[ABCDGIRSTW]* \([^ ]*\) \(lib[^ ]*\)$/  {"\2", (void *) \&\2},/p'\'' -e '\''s/^[ABCDGIRSTW]* \([^ ]*\) \([^ ]*\)$/  {"lib\2", (void *) \&\2},/p'\'''
lt_cv_sys_global_symbol_to_cdecl='sed -n -e '\''s/^T .* \(.*\)$/extern int \1();/p'\'' -e '\''s/^[ABCDGIRSTW]* .* \(.*\)$/extern char \1;/p'\'''
lt_cv_sys_max_cmd_len=805306365
lt_cv_to_host_file_cmd=func_convert_file_noop
lt_cv_to_tool_file_cmd=func_convert_file_noop

## ----------------- ##
## Output variables. ##
## ----------------- ##

ACLOCAL='${SHELL} /home/massar/nDPI/missing --run aclocal-1.11'
AMDEPBACKSLASH='\'
AMDEP_FALSE='#'
AMDEP_TRUE=''
AMTAR='$${TAR-tar}'
AR='ar'
AUTOCONF='${SHELL} /home/massar/nDPI/missing --run autoconf'
AUTOHEADER='${SHELL} /home/massar/nDPI/missing --run autoheader'
AUTOMAKE='${SHELL} /home/massar/nDPI/missing --run automake-1.11'
AWK='mawk'
CC='gcc'
CCDEPMODE='depmode=gcc3'
CFLAGS='-g -O2'
CPP='gcc -E'
CPPFLAGS=''
CYGPATH_W='echo'
DEFS='-DPACKAGE_NAME=\"nDPI\" -DPACKAGE_TARNAME=\"ndpi\" -DPACKAGE_VERSION=\"1.4.0\" -DPACKAGE_STRING=\"nDPI\ 1.4.0\" -DPACKAGE_BUGREPORT=\"\" -DPACKAGE_URL=\"\" -DPACKAGE=\"ndpi\" -DVERSION=\"1.4.0\" -DSTDC_HEADERS=1 -DHAVE_SYS_TYPES_H=1 -DHAVE_SYS_STAT_H=1 -DHAVE_STDLIB_H=1 -DHAVE_STRING_H=1 -DHAVE_MEMORY_H=1 -DHAVE_STRINGS_H=1 -DHAVE_INTTYPES_H=1 -DHAVE_STDINT_H=1 -DHAVE_UNISTD_H=1 -DHAVE_DLFCN_H=1 -DLT_OBJDIR=\".libs/\" -DHAVE_NETINET_IN_H=1 -DHAVE_STDINT_H=1 -DHAVE_STDLIB_H=1 -DHAVE_STRING_H=1 -DHAVE_UNISTD_H=1'
DEPDIR='.deps'
DLLTOOL='false'
DSYMUTIL=''
DUMPBIN=''
ECHO_C=''
ECHO_N='-n'
ECHO_T=''
EGREP='/bin/grep -E'
EXEEXT=''
FGREP='/bin/grep -F'
GREP='/bin/grep'
INSTALL_DATA='${INSTALL} -m 644'
INSTALL_PROGRAM='${INSTALL}'
INSTALL_SCRIPT='${INSTALL}'
INSTALL_STRIP_PROGRAM='$(install_sh) -c -s'
LD='/usr/bin/ld'
LDFLAGS=''
LIBOBJS=''
LIBS=''
LIBTOOL='$(SHELL) $(top_builddir)/libtool'
LIPO=''
LN_S='ln -s'
LTLIBOBJS=''
MAKEINFO='${SHELL} /home/massar/nDPI/missing --run makeinfo'
MANIFEST_TOOL=':'
MKDIR_P='/bin/mkdir -p'
NM='/usr/bin/nm -B'
NMEDIT=''
OBJDUMP='objdump'
OBJEXT='o'
OTOOL64=''
OTOOL=''
PACKAGE='ndpi'
PACKAGE_BUGREPORT=''
PACKAGE_NAME='nDPI'
PACKAGE_STRING='nDPI 1.4.0'
PACKAGE_TARNAME='ndpi'
PACKAGE_URL=''
PACKAGE_VERSION='1.4.0'
PATH_SEPARATOR=':'
RANLIB='ranlib'
SED='/bin/sed'
SET_MAKE=''
SHELL='/bin/bash'
STRIP='strip'
VERSION='1.4.0'
ac_ct_AR='ar'
ac_ct_CC='gcc'
ac_ct_DUMPBIN=''
am__EXEEXT_FALSE=''
am__EXEEXT_TRUE='#'
am__fastdepCC_FALSE='#'
am__fastdepCC_TRUE=''
am__include='include'
am__isrc=''
am__leading_dot='.'
am__nodep='_no'
am__quote=''
am__tar='$${TAR-tar} chof - "$$tardir"'
am__untar='$${TAR-tar} xf -'
bindir='${exec_prefix}/bin'
build='i686-pc-linux-gnu'
build_alias=''
build_cpu='i686'
build_os='linux-gnu'
build_vendor='pc'
datadir='${datarootdir}'
datarootdir='${prefix}/share'
docdir='${datarootdir}/doc/${PACKAGE_TARNAME}'
dvidir='${docdir}'
exec_prefix='${prefix}'
host='i686-pc-linux-gnu'
host_alias=''
host_cpu='i686'
host_os='linux-gnu'
host_vendor='pc'
htmldir='${docdir}'
includedir='${prefix}/include'
infodir='${datarootdir}/info'
install_sh='${SHELL} /home/massar/nDPI/install-sh'
libdir='${exec_prefix}/lib'
libexecdir='${exec_prefix}/libexec'
localedir='${datarootdir}/locale'
localstatedir='${prefix}/var'
mandir='${datarootdir}/man'
mkdir_p='/bin/mkdir -p'
oldincludedir='/usr/include'
pdfdir='${docdir}'
prefix='/usr/local'
program_transform_name='s,x,x,'
psdir='${docdir}'
sbindir='${exec_prefix}/sbin'
sharedstatedir='${prefix}/com'
sysconfdir='${prefix}/etc'
target_alias=''

## ----------- ##
## confdefs.h. ##
## ----------- ##

/* confdefs.h */
#define PACKAGE_NAME "nDPI"
#define PACKAGE_TARNAME "ndpi"
#define PACKAGE_VERSION "1.4.0"
#define PACKAGE_STRING "nDPI 1.4.0"
#define PACKAGE_BUGREPORT ""
#define PACKAGE_URL ""
#define PACKAGE "ndpi"
#define VERSION "1.4.0"
#define STDC_HEADERS 1
#define HAVE_SYS_TYPES_H 1
#define HAVE_SYS_STAT_H 1
#define HAVE_STDLIB_H 1
#define HAVE_STRING_H 1
#define HAVE_MEMORY_H 1
#define HAVE_STRINGS_H 1
#define HAVE_INTTYPES_H 1
#define HAVE_STDINT_H 1
#define HAVE_UNISTD_H 1
#define HAVE_DLFCN_H 1
#define LT_OBJDIR ".libs/"
#define HAVE_NETINET_IN_H 1
#define HAVE_STDINT_H 1
#define HAVE_STDLIB_H 1
#define HAVE_STRING_H 1
#define HAVE_UNISTD_H 1

configure: exit 0

## ---------------------- ##
## Running config.status. ##
## ---------------------- ##

This file was extended by nDPI config.status 1.4.0, which was
generated by GNU Autoconf 2.69.  Invocation command line was

  CONFIG_FILES    = 
  CONFIG_HEADERS  = 
  CONFIG_LINKS    = 
  CONFIG_COMMANDS = 
  $ ./config.status 

on massar-VirtualBox

config.status:1002: creating Makefile
config.status:1002: creating src/lib/Makefile
config.status:1002: creating src/include/Makefile
config.status:1002: creating libndpi.pc
config.status:1174: executing depfiles commands
config.status:1174: executing libtool commands
